<?xml version="1.0" encoding="UTF-8"?>
<coverage generated="1641504386838" clover="3.2.0">
  <project timestamp="1641504386838" name="All files">
    <metrics statements="33" coveredstatements="33" conditionals="22" coveredconditionals="20" methods="5" coveredmethods="5" elements="60" coveredelements="58" complexity="0" loc="33" ncloc="33" packages="1" files="2" classes="2"/>
    <file name="bst-node.js" path="C:\Users\redux\Epicodus\Computer Science\trees\src\bst-node.js">
      <metrics statements="3" coveredstatements="3" conditionals="0" coveredconditionals="0" methods="1" coveredmethods="1"/>
      <line num="3" count="130" type="stmt"/>
      <line num="4" count="130" type="stmt"/>
      <line num="5" count="130" type="stmt"/>
    </file>
    <file name="bst.js" path="C:\Users\redux\Epicodus\Computer Science\trees\src\bst.js">
      <metrics statements="30" coveredstatements="30" conditionals="22" coveredconditionals="20" methods="4" coveredmethods="4"/>
      <line num="3" count="16" type="stmt"/>
      <line num="7" count="121" type="cond" truecount="2" falsecount="0"/>
      <line num="8" count="8" type="stmt"/>
      <line num="10" count="113" type="stmt"/>
      <line num="11" count="113" type="stmt"/>
      <line num="12" count="260" type="cond" truecount="2" falsecount="0"/>
      <line num="13" count="81" type="cond" truecount="2" falsecount="0"/>
      <line num="14" count="7" type="stmt"/>
      <line num="15" count="7" type="stmt"/>
      <line num="17" count="74" type="stmt"/>
      <line num="19" count="179" type="cond" truecount="2" falsecount="0"/>
      <line num="20" count="80" type="cond" truecount="2" falsecount="0"/>
      <line num="21" count="7" type="stmt"/>
      <line num="22" count="7" type="stmt"/>
      <line num="24" count="73" type="stmt"/>
      <line num="27" count="99" type="stmt"/>
      <line num="34" count="7" type="cond" truecount="2" falsecount="0"/>
      <line num="35" count="1" type="stmt"/>
      <line num="37" count="6" type="stmt"/>
      <line num="38" count="6" type="stmt"/>
      <line num="39" count="17" type="cond" truecount="2" falsecount="0"/>
      <line num="40" count="3" type="stmt"/>
      <line num="41" count="14" type="cond" truecount="2" falsecount="0"/>
      <line num="42" count="5" type="stmt"/>
      <line num="43" count="9" type="cond" truecount="1" falsecount="1"/>
      <line num="44" count="9" type="stmt"/>
      <line num="46" count="14" type="cond" truecount="2" falsecount="0"/>
      <line num="47" count="3" type="stmt"/>
      <line num="54" count="1" type="cond" truecount="1" falsecount="1"/>
      <line num="55" count="1" type="stmt"/>
    </file>
  </project>
</coverage>
