<?xml version="1.0" encoding="UTF-8"?>
<coverage generated="1641507590470" clover="3.2.0">
  <project timestamp="1641507590470" name="All files">
    <metrics statements="49" coveredstatements="47" conditionals="32" coveredconditionals="29" methods="5" coveredmethods="5" elements="86" coveredelements="81" complexity="0" loc="49" ncloc="49" packages="1" files="2" classes="2"/>
    <file name="bst-node.js" path="C:\Users\redux\Epicodus\Computer Science\trees\src\bst-node.js">
      <metrics statements="3" coveredstatements="3" conditionals="0" coveredconditionals="0" methods="1" coveredmethods="1"/>
      <line num="3" count="155" type="stmt"/>
      <line num="4" count="155" type="stmt"/>
      <line num="5" count="155" type="stmt"/>
    </file>
    <file name="bst.js" path="C:\Users\redux\Epicodus\Computer Science\trees\src\bst.js">
      <metrics statements="46" coveredstatements="44" conditionals="32" coveredconditionals="29" methods="4" coveredmethods="4"/>
      <line num="3" count="20" type="stmt"/>
      <line num="7" count="143" type="cond" truecount="2" falsecount="0"/>
      <line num="8" count="9" type="stmt"/>
      <line num="10" count="134" type="stmt"/>
      <line num="11" count="134" type="stmt"/>
      <line num="12" count="310" type="cond" truecount="2" falsecount="0"/>
      <line num="13" count="96" type="cond" truecount="2" falsecount="0"/>
      <line num="14" count="7" type="stmt"/>
      <line num="15" count="7" type="stmt"/>
      <line num="17" count="89" type="stmt"/>
      <line num="19" count="214" type="cond" truecount="2" falsecount="0"/>
      <line num="20" count="95" type="cond" truecount="2" falsecount="0"/>
      <line num="21" count="8" type="stmt"/>
      <line num="22" count="8" type="stmt"/>
      <line num="24" count="87" type="stmt"/>
      <line num="27" count="119" type="stmt"/>
      <line num="34" count="13" type="cond" truecount="2" falsecount="0"/>
      <line num="35" count="3" type="stmt"/>
      <line num="37" count="10" type="stmt"/>
      <line num="38" count="10" type="stmt"/>
      <line num="39" count="27" type="cond" truecount="2" falsecount="0"/>
      <line num="40" count="6" type="stmt"/>
      <line num="41" count="21" type="cond" truecount="2" falsecount="0"/>
      <line num="42" count="6" type="stmt"/>
      <line num="43" count="15" type="cond" truecount="1" falsecount="1"/>
      <line num="44" count="15" type="stmt"/>
      <line num="46" count="21" type="cond" truecount="2" falsecount="0"/>
      <line num="47" count="4" type="stmt"/>
      <line num="54" count="5" type="cond" truecount="2" falsecount="0"/>
      <line num="55" count="1" type="stmt"/>
      <line num="57" count="4" type="stmt"/>
      <line num="58" count="4" type="stmt"/>
      <line num="59" count="6" type="cond" truecount="2" falsecount="0"/>
      <line num="60" count="1" type="cond" truecount="1" falsecount="1"/>
      <line num="61" count="1" type="stmt"/>
      <line num="62" count="1" type="stmt"/>
      <line num="64" count="0" type="stmt"/>
      <line num="66" count="5" type="cond" truecount="2" falsecount="0"/>
      <line num="67" count="4" type="cond" truecount="2" falsecount="0"/>
      <line num="68" count="2" type="stmt"/>
      <line num="69" count="2" type="stmt"/>
      <line num="71" count="2" type="stmt"/>
      <line num="73" count="1" type="cond" truecount="1" falsecount="1"/>
      <line num="74" count="1" type="stmt"/>
      <line num="75" count="1" type="stmt"/>
      <line num="77" count="0" type="stmt"/>
    </file>
  </project>
</coverage>
