{"C:\\Users\\redux\\Epicodus\\Computer Science\\trees\\src\\bst-node.js": {"path":"C:\\Users\\redux\\Epicodus\\Computer Science\\trees\\src\\bst-node.js","statementMap":{"0":{"start":{"line":3,"column":4},"end":{"line":3,"column":21}},"1":{"start":{"line":4,"column":4},"end":{"line":4,"column":21}},"2":{"start":{"line":5,"column":4},"end":{"line":5,"column":22}}},"fnMap":{"0":{"name":"(anonymous_0)","decl":{"start":{"line":2,"column":2},"end":{"line":2,"column":3}},"loc":{"start":{"line":2,"column":20},"end":{"line":6,"column":3}},"line":2}},"branchMap":{},"s":{"0":130,"1":130,"2":130},"f":{"0":130},"b":{},"_coverageSchema":"43e27e138ebf9cfc5966b082cf9a028302ed4184","hash":"428c2d09fe94698d31466653a2abe37ed530e4ef"}
,"C:\\Users\\redux\\Epicodus\\Computer Science\\trees\\src\\bst.js": {"path":"C:\\Users\\redux\\Epicodus\\Computer Science\\trees\\src\\bst.js","statementMap":{"0":{"start":{"line":3,"column":4},"end":{"line":3,"column":20}},"1":{"start":{"line":7,"column":4},"end":{"line":30,"column":5}},"2":{"start":{"line":8,"column":6},"end":{"line":8,"column":31}},"3":{"start":{"line":10,"column":24},"end":{"line":10,"column":33}},"4":{"start":{"line":11,"column":6},"end":{"line":29,"column":7}},"5":{"start":{"line":12,"column":8},"end":{"line":28,"column":9}},"6":{"start":{"line":13,"column":10},"end":{"line":18,"column":11}},"7":{"start":{"line":14,"column":12},"end":{"line":14,"column":44}},"8":{"start":{"line":15,"column":12},"end":{"line":15,"column":24}},"9":{"start":{"line":17,"column":12},"end":{"line":17,"column":43}},"10":{"start":{"line":19,"column":15},"end":{"line":28,"column":9}},"11":{"start":{"line":20,"column":10},"end":{"line":25,"column":11}},"12":{"start":{"line":21,"column":12},"end":{"line":21,"column":45}},"13":{"start":{"line":22,"column":12},"end":{"line":22,"column":24}},"14":{"start":{"line":24,"column":12},"end":{"line":24,"column":44}},"15":{"start":{"line":27,"column":10},"end":{"line":27,"column":22}},"16":{"start":{"line":34,"column":4},"end":{"line":50,"column":5}},"17":{"start":{"line":35,"column":6},"end":{"line":35,"column":18}},"18":{"start":{"line":37,"column":24},"end":{"line":37,"column":33}},"19":{"start":{"line":38,"column":6},"end":{"line":49,"column":7}},"20":{"start":{"line":39,"column":8},"end":{"line":45,"column":9}},"21":{"start":{"line":40,"column":10},"end":{"line":40,"column":22}},"22":{"start":{"line":41,"column":15},"end":{"line":45,"column":9}},"23":{"start":{"line":42,"column":10},"end":{"line":42,"column":41}},"24":{"start":{"line":43,"column":15},"end":{"line":45,"column":9}},"25":{"start":{"line":44,"column":10},"end":{"line":44,"column":42}},"26":{"start":{"line":46,"column":8},"end":{"line":48,"column":9}},"27":{"start":{"line":47,"column":10},"end":{"line":47,"column":22}},"28":{"start":{"line":54,"column":4},"end":{"line":56,"column":5}},"29":{"start":{"line":55,"column":6},"end":{"line":55,"column":18}}},"fnMap":{"0":{"name":"(anonymous_0)","decl":{"start":{"line":2,"column":2},"end":{"line":2,"column":3}},"loc":{"start":{"line":2,"column":16},"end":{"line":4,"column":3}},"line":2},"1":{"name":"(anonymous_1)","decl":{"start":{"line":6,"column":2},"end":{"line":6,"column":3}},"loc":{"start":{"line":6,"column":27},"end":{"line":31,"column":3}},"line":6},"2":{"name":"(anonymous_2)","decl":{"start":{"line":33,"column":2},"end":{"line":33,"column":3}},"loc":{"start":{"line":33,"column":16},"end":{"line":51,"column":3}},"line":33},"3":{"name":"(anonymous_3)","decl":{"start":{"line":53,"column":2},"end":{"line":53,"column":3}},"loc":{"start":{"line":53,"column":16},"end":{"line":58,"column":3}},"line":53}},"branchMap":{"0":{"loc":{"start":{"line":7,"column":4},"end":{"line":30,"column":5}},"type":"if","locations":[{"start":{"line":7,"column":4},"end":{"line":30,"column":5}},{"start":{"line":7,"column":4},"end":{"line":30,"column":5}}],"line":7},"1":{"loc":{"start":{"line":12,"column":8},"end":{"line":28,"column":9}},"type":"if","locations":[{"start":{"line":12,"column":8},"end":{"line":28,"column":9}},{"start":{"line":12,"column":8},"end":{"line":28,"column":9}}],"line":12},"2":{"loc":{"start":{"line":13,"column":10},"end":{"line":18,"column":11}},"type":"if","locations":[{"start":{"line":13,"column":10},"end":{"line":18,"column":11}},{"start":{"line":13,"column":10},"end":{"line":18,"column":11}}],"line":13},"3":{"loc":{"start":{"line":19,"column":15},"end":{"line":28,"column":9}},"type":"if","locations":[{"start":{"line":19,"column":15},"end":{"line":28,"column":9}},{"start":{"line":19,"column":15},"end":{"line":28,"column":9}}],"line":19},"4":{"loc":{"start":{"line":20,"column":10},"end":{"line":25,"column":11}},"type":"if","locations":[{"start":{"line":20,"column":10},"end":{"line":25,"column":11}},{"start":{"line":20,"column":10},"end":{"line":25,"column":11}}],"line":20},"5":{"loc":{"start":{"line":34,"column":4},"end":{"line":50,"column":5}},"type":"if","locations":[{"start":{"line":34,"column":4},"end":{"line":50,"column":5}},{"start":{"line":34,"column":4},"end":{"line":50,"column":5}}],"line":34},"6":{"loc":{"start":{"line":39,"column":8},"end":{"line":45,"column":9}},"type":"if","locations":[{"start":{"line":39,"column":8},"end":{"line":45,"column":9}},{"start":{"line":39,"column":8},"end":{"line":45,"column":9}}],"line":39},"7":{"loc":{"start":{"line":41,"column":15},"end":{"line":45,"column":9}},"type":"if","locations":[{"start":{"line":41,"column":15},"end":{"line":45,"column":9}},{"start":{"line":41,"column":15},"end":{"line":45,"column":9}}],"line":41},"8":{"loc":{"start":{"line":43,"column":15},"end":{"line":45,"column":9}},"type":"if","locations":[{"start":{"line":43,"column":15},"end":{"line":45,"column":9}},{"start":{"line":43,"column":15},"end":{"line":45,"column":9}}],"line":43},"9":{"loc":{"start":{"line":46,"column":8},"end":{"line":48,"column":9}},"type":"if","locations":[{"start":{"line":46,"column":8},"end":{"line":48,"column":9}},{"start":{"line":46,"column":8},"end":{"line":48,"column":9}}],"line":46},"10":{"loc":{"start":{"line":54,"column":4},"end":{"line":56,"column":5}},"type":"if","locations":[{"start":{"line":54,"column":4},"end":{"line":56,"column":5}},{"start":{"line":54,"column":4},"end":{"line":56,"column":5}}],"line":54}},"s":{"0":16,"1":121,"2":8,"3":113,"4":113,"5":260,"6":81,"7":7,"8":7,"9":74,"10":179,"11":80,"12":7,"13":7,"14":73,"15":99,"16":7,"17":1,"18":6,"19":6,"20":17,"21":3,"22":14,"23":5,"24":9,"25":9,"26":14,"27":3,"28":1,"29":1},"f":{"0":16,"1":121,"2":7,"3":1},"b":{"0":[8,113],"1":[81,179],"2":[7,74],"3":[80,99],"4":[7,73],"5":[1,6],"6":[3,14],"7":[5,9],"8":[9,0],"9":[3,11],"10":[1,0]},"_coverageSchema":"43e27e138ebf9cfc5966b082cf9a028302ed4184","hash":"e130de43dfb5500951ad1ea1150b2b988496c47f"}
}
