{"C:\\Users\\redux\\Epicodus\\Computer Science\\trees\\src\\bst-node.js": {"path":"C:\\Users\\redux\\Epicodus\\Computer Science\\trees\\src\\bst-node.js","statementMap":{"0":{"start":{"line":3,"column":4},"end":{"line":3,"column":21}},"1":{"start":{"line":4,"column":4},"end":{"line":4,"column":21}},"2":{"start":{"line":5,"column":4},"end":{"line":5,"column":22}}},"fnMap":{"0":{"name":"(anonymous_0)","decl":{"start":{"line":2,"column":2},"end":{"line":2,"column":3}},"loc":{"start":{"line":2,"column":20},"end":{"line":6,"column":3}},"line":2}},"branchMap":{},"s":{"0":155,"1":155,"2":155},"f":{"0":155},"b":{},"_coverageSchema":"43e27e138ebf9cfc5966b082cf9a028302ed4184","hash":"428c2d09fe94698d31466653a2abe37ed530e4ef"}
,"C:\\Users\\redux\\Epicodus\\Computer Science\\trees\\src\\bst.js": {"path":"C:\\Users\\redux\\Epicodus\\Computer Science\\trees\\src\\bst.js","statementMap":{"0":{"start":{"line":3,"column":4},"end":{"line":3,"column":20}},"1":{"start":{"line":7,"column":4},"end":{"line":30,"column":5}},"2":{"start":{"line":8,"column":6},"end":{"line":8,"column":31}},"3":{"start":{"line":10,"column":24},"end":{"line":10,"column":33}},"4":{"start":{"line":11,"column":6},"end":{"line":29,"column":7}},"5":{"start":{"line":12,"column":8},"end":{"line":28,"column":9}},"6":{"start":{"line":13,"column":10},"end":{"line":18,"column":11}},"7":{"start":{"line":14,"column":12},"end":{"line":14,"column":44}},"8":{"start":{"line":15,"column":12},"end":{"line":15,"column":24}},"9":{"start":{"line":17,"column":12},"end":{"line":17,"column":43}},"10":{"start":{"line":19,"column":15},"end":{"line":28,"column":9}},"11":{"start":{"line":20,"column":10},"end":{"line":25,"column":11}},"12":{"start":{"line":21,"column":12},"end":{"line":21,"column":45}},"13":{"start":{"line":22,"column":12},"end":{"line":22,"column":24}},"14":{"start":{"line":24,"column":12},"end":{"line":24,"column":44}},"15":{"start":{"line":27,"column":10},"end":{"line":27,"column":22}},"16":{"start":{"line":34,"column":4},"end":{"line":50,"column":5}},"17":{"start":{"line":35,"column":6},"end":{"line":35,"column":18}},"18":{"start":{"line":37,"column":24},"end":{"line":37,"column":33}},"19":{"start":{"line":38,"column":6},"end":{"line":49,"column":7}},"20":{"start":{"line":39,"column":8},"end":{"line":45,"column":9}},"21":{"start":{"line":40,"column":10},"end":{"line":40,"column":22}},"22":{"start":{"line":41,"column":15},"end":{"line":45,"column":9}},"23":{"start":{"line":42,"column":10},"end":{"line":42,"column":41}},"24":{"start":{"line":43,"column":15},"end":{"line":45,"column":9}},"25":{"start":{"line":44,"column":10},"end":{"line":44,"column":42}},"26":{"start":{"line":46,"column":8},"end":{"line":48,"column":9}},"27":{"start":{"line":47,"column":10},"end":{"line":47,"column":22}},"28":{"start":{"line":54,"column":4},"end":{"line":80,"column":5}},"29":{"start":{"line":55,"column":6},"end":{"line":55,"column":18}},"30":{"start":{"line":57,"column":24},"end":{"line":57,"column":33}},"31":{"start":{"line":58,"column":6},"end":{"line":79,"column":7}},"32":{"start":{"line":59,"column":8},"end":{"line":78,"column":9}},"33":{"start":{"line":60,"column":10},"end":{"line":65,"column":11}},"34":{"start":{"line":61,"column":12},"end":{"line":61,"column":36}},"35":{"start":{"line":62,"column":12},"end":{"line":62,"column":24}},"36":{"start":{"line":64,"column":12},"end":{"line":64,"column":43}},"37":{"start":{"line":66,"column":15},"end":{"line":78,"column":9}},"38":{"start":{"line":67,"column":10},"end":{"line":72,"column":11}},"39":{"start":{"line":68,"column":12},"end":{"line":68,"column":37}},"40":{"start":{"line":69,"column":12},"end":{"line":69,"column":24}},"41":{"start":{"line":71,"column":12},"end":{"line":71,"column":44}},"42":{"start":{"line":73,"column":15},"end":{"line":78,"column":9}},"43":{"start":{"line":74,"column":10},"end":{"line":74,"column":27}},"44":{"start":{"line":75,"column":10},"end":{"line":75,"column":22}},"45":{"start":{"line":77,"column":10},"end":{"line":77,"column":22}}},"fnMap":{"0":{"name":"(anonymous_0)","decl":{"start":{"line":2,"column":2},"end":{"line":2,"column":3}},"loc":{"start":{"line":2,"column":16},"end":{"line":4,"column":3}},"line":2},"1":{"name":"(anonymous_1)","decl":{"start":{"line":6,"column":2},"end":{"line":6,"column":3}},"loc":{"start":{"line":6,"column":27},"end":{"line":31,"column":3}},"line":6},"2":{"name":"(anonymous_2)","decl":{"start":{"line":33,"column":2},"end":{"line":33,"column":3}},"loc":{"start":{"line":33,"column":16},"end":{"line":51,"column":3}},"line":33},"3":{"name":"(anonymous_3)","decl":{"start":{"line":53,"column":2},"end":{"line":53,"column":3}},"loc":{"start":{"line":53,"column":26},"end":{"line":81,"column":3}},"line":53}},"branchMap":{"0":{"loc":{"start":{"line":7,"column":4},"end":{"line":30,"column":5}},"type":"if","locations":[{"start":{"line":7,"column":4},"end":{"line":30,"column":5}},{"start":{"line":7,"column":4},"end":{"line":30,"column":5}}],"line":7},"1":{"loc":{"start":{"line":12,"column":8},"end":{"line":28,"column":9}},"type":"if","locations":[{"start":{"line":12,"column":8},"end":{"line":28,"column":9}},{"start":{"line":12,"column":8},"end":{"line":28,"column":9}}],"line":12},"2":{"loc":{"start":{"line":13,"column":10},"end":{"line":18,"column":11}},"type":"if","locations":[{"start":{"line":13,"column":10},"end":{"line":18,"column":11}},{"start":{"line":13,"column":10},"end":{"line":18,"column":11}}],"line":13},"3":{"loc":{"start":{"line":19,"column":15},"end":{"line":28,"column":9}},"type":"if","locations":[{"start":{"line":19,"column":15},"end":{"line":28,"column":9}},{"start":{"line":19,"column":15},"end":{"line":28,"column":9}}],"line":19},"4":{"loc":{"start":{"line":20,"column":10},"end":{"line":25,"column":11}},"type":"if","locations":[{"start":{"line":20,"column":10},"end":{"line":25,"column":11}},{"start":{"line":20,"column":10},"end":{"line":25,"column":11}}],"line":20},"5":{"loc":{"start":{"line":34,"column":4},"end":{"line":50,"column":5}},"type":"if","locations":[{"start":{"line":34,"column":4},"end":{"line":50,"column":5}},{"start":{"line":34,"column":4},"end":{"line":50,"column":5}}],"line":34},"6":{"loc":{"start":{"line":39,"column":8},"end":{"line":45,"column":9}},"type":"if","locations":[{"start":{"line":39,"column":8},"end":{"line":45,"column":9}},{"start":{"line":39,"column":8},"end":{"line":45,"column":9}}],"line":39},"7":{"loc":{"start":{"line":41,"column":15},"end":{"line":45,"column":9}},"type":"if","locations":[{"start":{"line":41,"column":15},"end":{"line":45,"column":9}},{"start":{"line":41,"column":15},"end":{"line":45,"column":9}}],"line":41},"8":{"loc":{"start":{"line":43,"column":15},"end":{"line":45,"column":9}},"type":"if","locations":[{"start":{"line":43,"column":15},"end":{"line":45,"column":9}},{"start":{"line":43,"column":15},"end":{"line":45,"column":9}}],"line":43},"9":{"loc":{"start":{"line":46,"column":8},"end":{"line":48,"column":9}},"type":"if","locations":[{"start":{"line":46,"column":8},"end":{"line":48,"column":9}},{"start":{"line":46,"column":8},"end":{"line":48,"column":9}}],"line":46},"10":{"loc":{"start":{"line":54,"column":4},"end":{"line":80,"column":5}},"type":"if","locations":[{"start":{"line":54,"column":4},"end":{"line":80,"column":5}},{"start":{"line":54,"column":4},"end":{"line":80,"column":5}}],"line":54},"11":{"loc":{"start":{"line":59,"column":8},"end":{"line":78,"column":9}},"type":"if","locations":[{"start":{"line":59,"column":8},"end":{"line":78,"column":9}},{"start":{"line":59,"column":8},"end":{"line":78,"column":9}}],"line":59},"12":{"loc":{"start":{"line":60,"column":10},"end":{"line":65,"column":11}},"type":"if","locations":[{"start":{"line":60,"column":10},"end":{"line":65,"column":11}},{"start":{"line":60,"column":10},"end":{"line":65,"column":11}}],"line":60},"13":{"loc":{"start":{"line":66,"column":15},"end":{"line":78,"column":9}},"type":"if","locations":[{"start":{"line":66,"column":15},"end":{"line":78,"column":9}},{"start":{"line":66,"column":15},"end":{"line":78,"column":9}}],"line":66},"14":{"loc":{"start":{"line":67,"column":10},"end":{"line":72,"column":11}},"type":"if","locations":[{"start":{"line":67,"column":10},"end":{"line":72,"column":11}},{"start":{"line":67,"column":10},"end":{"line":72,"column":11}}],"line":67},"15":{"loc":{"start":{"line":73,"column":15},"end":{"line":78,"column":9}},"type":"if","locations":[{"start":{"line":73,"column":15},"end":{"line":78,"column":9}},{"start":{"line":73,"column":15},"end":{"line":78,"column":9}}],"line":73}},"s":{"0":20,"1":143,"2":9,"3":134,"4":134,"5":310,"6":96,"7":7,"8":7,"9":89,"10":214,"11":95,"12":8,"13":8,"14":87,"15":119,"16":13,"17":3,"18":10,"19":10,"20":27,"21":6,"22":21,"23":6,"24":15,"25":15,"26":21,"27":4,"28":5,"29":1,"30":4,"31":4,"32":6,"33":1,"34":1,"35":1,"36":0,"37":5,"38":4,"39":2,"40":2,"41":2,"42":1,"43":1,"44":1,"45":0},"f":{"0":20,"1":143,"2":13,"3":5},"b":{"0":[9,134],"1":[96,214],"2":[7,89],"3":[95,119],"4":[8,87],"5":[3,10],"6":[6,21],"7":[6,15],"8":[15,0],"9":[4,17],"10":[1,4],"11":[1,5],"12":[1,0],"13":[4,1],"14":[2,2],"15":[1,0]},"_coverageSchema":"43e27e138ebf9cfc5966b082cf9a028302ed4184","hash":"193a937e0c5eb9f5c1c4b3dde4636bda8353bc38"}
}
