TN:
SF:C:\Users\redux\Epicodus\Computer Science\trees\src\bst-node.js
FN:2,(anonymous_0)
FNF:1
FNH:1
FNDA:138,(anonymous_0)
DA:3,138
DA:4,138
DA:5,138
LF:3
LH:3
BRF:0
BRH:0
end_of_record
TN:
SF:C:\Users\redux\Epicodus\Computer Science\trees\src\bst.js
FN:2,(anonymous_0)
FN:6,(anonymous_1)
FN:33,(anonymous_2)
FN:53,(anonymous_3)
FNF:4
FNH:4
FNDA:17,(anonymous_0)
FNDA:128,(anonymous_1)
FNDA:9,(anonymous_2)
FNDA:2,(anonymous_3)
DA:3,17
DA:7,128
DA:8,8
DA:10,120
DA:11,120
DA:12,277
DA:13,86
DA:14,7
DA:15,7
DA:17,79
DA:19,191
DA:20,85
DA:21,7
DA:22,7
DA:24,78
DA:27,106
DA:34,9
DA:35,1
DA:37,8
DA:38,8
DA:39,22
DA:40,4
DA:41,18
DA:42,5
DA:43,13
DA:44,13
DA:46,18
DA:47,4
DA:54,2
DA:55,1
DA:57,1
DA:58,1
DA:59,2
DA:60,0
DA:61,0
DA:62,0
DA:64,0
DA:66,2
DA:67,2
DA:68,1
DA:69,1
DA:71,1
DA:74,0
LF:43
LH:38
BRDA:7,0,0,8
BRDA:7,0,1,120
BRDA:12,1,0,86
BRDA:12,1,1,191
BRDA:13,2,0,7
BRDA:13,2,1,79
BRDA:19,3,0,85
BRDA:19,3,1,106
BRDA:20,4,0,7
BRDA:20,4,1,78
BRDA:34,5,0,1
BRDA:34,5,1,8
BRDA:39,6,0,4
BRDA:39,6,1,18
BRDA:41,7,0,5
BRDA:41,7,1,13
BRDA:43,8,0,13
BRDA:43,8,1,0
BRDA:46,9,0,4
BRDA:46,9,1,14
BRDA:54,10,0,1
BRDA:54,10,1,1
BRDA:59,11,0,0
BRDA:59,11,1,2
BRDA:60,12,0,0
BRDA:60,12,1,0
BRDA:66,13,0,2
BRDA:66,13,1,0
BRDA:67,14,0,1
BRDA:67,14,1,1
BRF:30
BRH:25
end_of_record
