TN:
SF:C:\Users\redux\Epicodus\Computer Science\trees\src\bst-node.js
FN:2,(anonymous_0)
FNF:1
FNH:1
FNDA:130,(anonymous_0)
DA:3,130
DA:4,130
DA:5,130
LF:3
LH:3
BRF:0
BRH:0
end_of_record
TN:
SF:C:\Users\redux\Epicodus\Computer Science\trees\src\bst.js
FN:2,(anonymous_0)
FN:6,(anonymous_1)
FN:33,(anonymous_2)
FN:53,(anonymous_3)
FNF:4
FNH:4
FNDA:16,(anonymous_0)
FNDA:121,(anonymous_1)
FNDA:7,(anonymous_2)
FNDA:1,(anonymous_3)
DA:3,16
DA:7,121
DA:8,8
DA:10,113
DA:11,113
DA:12,260
DA:13,81
DA:14,7
DA:15,7
DA:17,74
DA:19,179
DA:20,80
DA:21,7
DA:22,7
DA:24,73
DA:27,99
DA:34,7
DA:35,1
DA:37,6
DA:38,6
DA:39,17
DA:40,3
DA:41,14
DA:42,5
DA:43,9
DA:44,9
DA:46,14
DA:47,3
DA:54,1
DA:55,1
LF:30
LH:30
BRDA:7,0,0,8
BRDA:7,0,1,113
BRDA:12,1,0,81
BRDA:12,1,1,179
BRDA:13,2,0,7
BRDA:13,2,1,74
BRDA:19,3,0,80
BRDA:19,3,1,99
BRDA:20,4,0,7
BRDA:20,4,1,73
BRDA:34,5,0,1
BRDA:34,5,1,6
BRDA:39,6,0,3
BRDA:39,6,1,14
BRDA:41,7,0,5
BRDA:41,7,1,9
BRDA:43,8,0,9
BRDA:43,8,1,0
BRDA:46,9,0,3
BRDA:46,9,1,11
BRDA:54,10,0,1
BRDA:54,10,1,0
BRF:22
BRH:20
end_of_record
